<?xml version="1.0" encoding="UTF-8"?>
<!-- Generated by org.testng.reporters.JUnitReportReporter -->
<testsuite hostname="HARSHITA" failures="0" tests="1" name="explicitWait.ExplicitelyWait" time="19.404" errors="0" timestamp="17 Aug 2018 23:16:13 GMT" skipped="0">
  <testcase classname="explicitWait.ExplicitelyWait" name="Test1" time="19.404"/>
</testsuite> <!-- explicitWait.ExplicitelyWait -->
